<?xml version="1.0" encoding="UTF-8"?>
<!-- Generated by org.testng.reporters.JUnitReportReporter -->
<testsuite hostname="shajahanspc" failures="0" tests="23" name="com.bdd.Runner_files.Test_Runner_TestNG" time="210.413" errors="0" timestamp="2024-01-06T21:24:04 EET" skipped="0">
  <testcase classname="com.bdd.Runner_files.Test_Runner_TestNG" name="runScenario" time="8.450"/>
  <testcase classname="com.bdd.Runner_files.Test_Runner_TestNG" name="runScenario" time="8.751"/>
  <testcase classname="com.bdd.Runner_files.Test_Runner_TestNG" name="runScenario" time="9.618"/>
  <testcase classname="com.bdd.Runner_files.Test_Runner_TestNG" name="runScenario" time="12.767"/>
  <testcase classname="com.bdd.Runner_files.Test_Runner_TestNG" name="runScenario" time="8.728"/>
  <testcase classname="com.bdd.Runner_files.Test_Runner_TestNG" name="runScenario" time="9.433"/>
  <testcase classname="com.bdd.Runner_files.Test_Runner_TestNG" name="runScenario" time="8.418"/>
  <testcase classname="com.bdd.Runner_files.Test_Runner_TestNG" name="runScenario" time="8.167"/>
  <testcase classname="com.bdd.Runner_files.Test_Runner_TestNG" name="runScenario" time="9.497"/>
  <testcase classname="com.bdd.Runner_files.Test_Runner_TestNG" name="runScenario" time="8.804"/>
  <testcase classname="com.bdd.Runner_files.Test_Runner_TestNG" name="runScenario" time="10.016"/>
  <testcase classname="com.bdd.Runner_files.Test_Runner_TestNG" name="runScenario" time="9.439"/>
  <testcase classname="com.bdd.Runner_files.Test_Runner_TestNG" name="runScenario" time="9.782"/>
  <testcase classname="com.bdd.Runner_files.Test_Runner_TestNG" name="runScenario" time="7.739"/>
  <testcase classname="com.bdd.Runner_files.Test_Runner_TestNG" name="runScenario" time="8.984"/>
  <testcase classname="com.bdd.Runner_files.Test_Runner_TestNG" name="runScenario" time="8.699"/>
  <testcase classname="com.bdd.Runner_files.Test_Runner_TestNG" name="runScenario" time="9.535"/>
  <testcase classname="com.bdd.Runner_files.Test_Runner_TestNG" name="runScenario" time="9.149"/>
  <testcase classname="com.bdd.Runner_files.Test_Runner_TestNG" name="runScenario" time="8.667"/>
  <testcase classname="com.bdd.Runner_files.Test_Runner_TestNG" name="runScenario" time="10.279"/>
  <testcase classname="com.bdd.Runner_files.Test_Runner_TestNG" name="runScenario" time="8.858"/>
  <testcase classname="com.bdd.Runner_files.Test_Runner_TestNG" name="runScenario" time="8.279"/>
  <testcase classname="com.bdd.Runner_files.Test_Runner_TestNG" name="runScenario" time="8.354"/>
</testsuite> <!-- com.bdd.Runner_files.Test_Runner_TestNG -->
